[INFO] Scanning for projects...
[INFO] 
[INFO] ------------------------< com.nexorcrm:backend >------------------------
[INFO] Building backend 0.0.1-SNAPSHOT
[INFO]   from pom.xml
[INFO] --------------------------------[ jar ]---------------------------------
[INFO] 
[INFO] >>> spring-boot:3.5.11:run (default-cli) > test-compile @ backend >>>
[INFO] 
[INFO] --- resources:3.3.1:resources (default-resources) @ backend ---
[INFO] Copying 1 resource from src\main\resources to target\classes
[INFO] Copying 4 resources from src\main\resources to target\classes
[INFO] 
[INFO] --- compiler:3.14.1:compile (default-compile) @ backend ---
[INFO] Nothing to compile - all classes are up to date.
[INFO] 
[INFO] --- resources:3.3.1:testResources (default-testResources) @ backend ---
[INFO] skip non existing resourceDirectory C:\Users\rambo\Music\Nexorcrm\backend\src\test\resources
[INFO] 
[INFO] --- compiler:3.14.1:testCompile (default-testCompile) @ backend ---
[INFO] Nothing to compile - all classes are up to date.
[INFO] 
[INFO] <<< spring-boot:3.5.11:run (default-cli) < test-compile @ backend <<<
[INFO] 
[INFO] 
[INFO] --- spring-boot:3.5.11:run (default-cli) @ backend ---
[INFO] Attaching agents: []

  .   ____          _            __ _ _
 /\\ / ___'_ __ _ _(_)_ __  __ _ \ \ \ \
( ( )\___ | '_ | '_| | '_ \/ _` | \ \ \ \
 \\/  ___)| |_)| | | | | || (_| |  ) ) ) )
  '  |____| .__|_| |_|_| |_\__, | / / / /
 =========|_|==============|___/=/_/_/_/

 :: Spring Boot ::               (v3.5.11)

2026-02-23T11:29:17.897+05:30  INFO 14300 --- [backend] [  restartedMain] c.nexorcrm.backend.BackendApplication    : Starting BackendApplication using Java 25 with PID 14300 (C:\Users\rambo\Music\Nexorcrm\backend\target\classes started by rambo in C:\Users\rambo\Music\Nexorcrm\backend)
2026-02-23T11:29:17.898+05:30  INFO 14300 --- [backend] [  restartedMain] c.nexorcrm.backend.BackendApplication    : No active profile set, falling back to 1 default profile: "default"
2026-02-23T11:29:17.927+05:30  INFO 14300 --- [backend] [  restartedMain] .e.DevToolsPropertyDefaultsPostProcessor : Devtools property defaults active! Set 'spring.devtools.add-properties' to 'false' to disable
2026-02-23T11:29:17.927+05:30  INFO 14300 --- [backend] [  restartedMain] .e.DevToolsPropertyDefaultsPostProcessor : For additional web related logging consider setting the 'logging.level.web' property to 'DEBUG'
2026-02-23T11:29:18.388+05:30  INFO 14300 --- [backend] [  restartedMain] .s.d.r.c.RepositoryConfigurationDelegate : Bootstrapping Spring Data JPA repositories in DEFAULT mode.
2026-02-23T11:29:18.430+05:30  INFO 14300 --- [backend] [  restartedMain] .s.d.r.c.RepositoryConfigurationDelegate : Finished Spring Data repository scanning in 35 ms. Found 3 JPA repository interfaces.
2026-02-23T11:29:18.894+05:30  INFO 14300 --- [backend] [  restartedMain] o.s.b.w.embedded.tomcat.TomcatWebServer  : Tomcat initialized with port 8082 (http)
2026-02-23T11:29:18.902+05:30  INFO 14300 --- [backend] [  restartedMain] o.apache.catalina.core.StandardService   : Starting service [Tomcat]
2026-02-23T11:29:18.902+05:30  INFO 14300 --- [backend] [  restartedMain] o.apache.catalina.core.StandardEngine    : Starting Servlet engine: [Apache Tomcat/10.1.52]
2026-02-23T11:29:18.935+05:30  INFO 14300 --- [backend] [  restartedMain] o.a.c.c.C.[Tomcat].[localhost].[/]       : Initializing Spring embedded WebApplicationContext
2026-02-23T11:29:18.936+05:30  INFO 14300 --- [backend] [  restartedMain] w.s.c.ServletWebServerApplicationContext : Root WebApplicationContext: initialization completed in 1009 ms
2026-02-23T11:29:18.953+05:30  INFO 14300 --- [backend] [  restartedMain] com.nexorcrm.backend.config.JwtUtil      : JwtUtil initialized successfully
2026-02-23T11:29:19.091+05:30  INFO 14300 --- [backend] [  restartedMain] com.zaxxer.hikari.HikariDataSource       : HikariPool-1 - Starting...
2026-02-23T11:29:19.211+05:30  INFO 14300 --- [backend] [  restartedMain] com.zaxxer.hikari.pool.HikariPool        : HikariPool-1 - Added connection org.postgresql.jdbc.PgConnection@54685059
2026-02-23T11:29:19.225+05:30  INFO 14300 --- [backend] [  restartedMain] com.zaxxer.hikari.HikariDataSource       : HikariPool-1 - Start completed.
2026-02-23T11:29:19.243+05:30  INFO 14300 --- [backend] [  restartedMain] org.flywaydb.core.FlywayExecutor         : Database: jdbc:postgresql://localhost:5432/nexorcrm (PostgreSQL 18.1)
2026-02-23T11:29:19.252+05:30  WARN 14300 --- [backend] [  restartedMain] o.f.c.internal.database.base.Database    : Flyway upgrade recommended: PostgreSQL 18.1 is newer than this version of Flyway and support has not been tested. The latest supported version of PostgreSQL is 17.
2026-02-23T11:29:19.297+05:30  INFO 14300 --- [backend] [  restartedMain] o.f.core.internal.command.DbValidate     : Successfully validated 4 migrations (execution time 00:00.036s)
2026-02-23T11:29:19.470+05:30  INFO 14300 --- [backend] [  restartedMain] o.f.core.internal.command.DbMigrate      : Current version of schema "public": 4
2026-02-23T11:29:19.472+05:30  INFO 14300 --- [backend] [  restartedMain] o.f.core.internal.command.DbMigrate      : Schema "public" is up to date. No migration necessary.
2026-02-23T11:29:19.536+05:30  INFO 14300 --- [backend] [  restartedMain] o.hibernate.jpa.internal.util.LogHelper  : HHH000204: Processing PersistenceUnitInfo [name: default]
2026-02-23T11:29:19.563+05:30  INFO 14300 --- [backend] [  restartedMain] org.hibernate.Version                    : HHH000412: Hibernate ORM core version 6.6.42.Final
2026-02-23T11:29:19.585+05:30  INFO 14300 --- [backend] [  restartedMain] o.h.c.internal.RegionFactoryInitiator    : HHH000026: Second-level cache disabled
2026-02-23T11:29:19.744+05:30  INFO 14300 --- [backend] [  restartedMain] o.s.o.j.p.SpringPersistenceUnitInfo      : No LoadTimeWeaver setup: ignoring JPA class transformer
2026-02-23T11:29:19.778+05:30  WARN 14300 --- [backend] [  restartedMain] org.hibernate.orm.deprecation            : HHH90000025: PostgreSQLDialect does not need to be specified explicitly using 'hibernate.dialect' (remove the property setting and it will be selected by default)
2026-02-23T11:29:19.788+05:30  INFO 14300 --- [backend] [  restartedMain] org.hibernate.orm.connections.pooling    : HHH10001005: Database info:
	Database JDBC URL [Connecting through datasource 'HikariDataSource (HikariPool-1)']
	Database driver: undefined/unknown
	Database version: 18.1
	Autocommit mode: undefined/unknown
	Isolation level: undefined/unknown
	Minimum pool size: undefined/unknown
	Maximum pool size: undefined/unknown
2026-02-23T11:29:20.708+05:30  INFO 14300 --- [backend] [  restartedMain] o.h.e.t.j.p.i.JtaPlatformInitiator       : HHH000489: No JTA platform available (set 'hibernate.transaction.jta.platform' to enable JTA platform integration)
2026-02-23T11:29:20.956+05:30  INFO 14300 --- [backend] [  restartedMain] j.LocalContainerEntityManagerFactoryBean : Initialized JPA EntityManagerFactory for persistence unit 'default'
2026-02-23T11:29:22.494+05:30  WARN 14300 --- [backend] [  restartedMain] JpaBaseConfiguration$JpaWebConfiguration : spring.jpa.open-in-view is enabled by default. Therefore, database queries may be performed during view rendering. Explicitly configure spring.jpa.open-in-view to disable this warning
2026-02-23T11:29:22.517+05:30  WARN 14300 --- [backend] [  restartedMain] .s.s.UserDetailsServiceAutoConfiguration : 

Using generated security password: bdcb7281-a8c9-48a7-b434-e6b21dcb2ccf

This generated password is for development use only. Your security configuration must be updated before running your application in production.

2026-02-23T11:29:22.522+05:30  INFO 14300 --- [backend] [  restartedMain] r$InitializeUserDetailsManagerConfigurer : Global AuthenticationManager configured with UserDetailsService bean with name inMemoryUserDetailsManager
2026-02-23T11:29:22.917+05:30  WARN 14300 --- [backend] [  restartedMain] o.s.b.d.a.OptionalLiveReloadServer       : Unable to start LiveReload server
2026-02-23T11:29:22.945+05:30  INFO 14300 --- [backend] [  restartedMain] o.s.b.w.embedded.tomcat.TomcatWebServer  : Tomcat started on port 8082 (http) with context path '/'
2026-02-23T11:29:22.951+05:30  INFO 14300 --- [backend] [  restartedMain] c.nexorcrm.backend.BackendApplication    : Started BackendApplication in 5.326 seconds (process running for 5.628)
Hibernate: 
    select
        u1_0.id 
    from
        app_users u1_0 
    where
        u1_0.role=? 
    fetch
        first ? rows only
2026-02-23T11:29:23.100+05:30  INFO 14300 --- [backend] [  restartedMain] c.n.backend.config.BootstrapConfig       : Super Admin exists, skipping
[INFO] ------------------------------------------------------------------------
[INFO] BUILD FAILURE
[INFO] ------------------------------------------------------------------------
[INFO] Total time:  49.391 s
[INFO] Finished at: 2026-02-23T11:30:05+05:30
[INFO] ------------------------------------------------------------------------
[ERROR] Failed to execute goal org.springframework.boot:spring-boot-maven-plugin:3.5.11:run (default-cli) on project backend: Process terminated with exit code: -1 -> [Help 1]
[ERROR] 
[ERROR] To see the full stack trace of the errors, re-run Maven with the -e switch.
[ERROR] Re-run Maven using the -X switch to enable full debug logging.
[ERROR] 
[ERROR] For more information about the errors and possible solutions, please read the following articles:
[ERROR] [Help 1] http://cwiki.apache.org/confluence/display/MAVEN/MojoExecutionException
